2024-08-24 06:08:53,220 - mikrotik_bot - INFO - Pesan /start dari 1216230336
2024-08-24 06:08:56,235 - mikrotik_bot - INFO - Hotspot menu selected by 1216230336
2024-08-24 06:31:31,424 - mikrotik_bot - INFO - Pesan /start dari 1216230336
2024-08-24 06:31:35,633 - mikrotik_bot - INFO - Received /hotspot_gen_vc command from 1216230336
2024-08-24 06:41:36,440 - mikrotik_bot - INFO - Pesan /start dari 1216230336
2024-08-24 06:41:40,282 - mikrotik_bot - INFO - Received /hotspot_gen_vc command from 1216230336
2024-08-24 06:42:25,517 - mikrotik_bot - INFO - Pesan /start dari 1216230336
2024-08-24 06:42:30,175 - mikrotik_bot - INFO - Received /hotspot_gen_vc command from 1216230336
2024-08-24 06:51:12,502 - mikrotik_bot - INFO - Pesan /start dari 1216230336
2024-08-24 06:51:15,631 - mikrotik_bot - INFO - Received /hotspot_gen_vc command from 1216230336
2024-08-24 06:52:05,420 - mikrotik_bot - INFO - Pesan /start dari 1216230336
2024-08-24 06:52:07,461 - mikrotik_bot - INFO - Received /hotspot_gen_vc command from 1216230336
2024-08-24 06:52:53,962 - mikrotik_bot - INFO - Pesan /start dari 1216230336
2024-08-24 06:54:03,681 - mikrotik_bot - INFO - Pesan /start dari 1216230336
2024-08-24 06:57:46,007 - mikrotik_bot - INFO - Pesan /start dari 1216230336
2024-08-24 06:58:15,615 - mikrotik_bot - INFO - Pesan /start dari 1216230336
2024-08-24 07:02:24,560 - mikrotik_bot - INFO - Pesan /start dari 1216230336
2024-08-24 07:03:34,943 - mikrotik_bot - INFO - Pesan /start dari 1216230336
2024-08-24 07:04:50,619 - mikrotik_bot - INFO - Pesan /start dari 1216230336
2024-08-24 07:07:31,354 - mikrotik_bot - INFO - Pesan /start dari 1216230336
2024-08-24 07:14:26,832 - mikrotik_bot - INFO - Pesan /start dari 1216230336
2024-08-24 07:36:46,206 - mikrotik_bot - INFO - Pesan /start dari 1216230336
2024-08-24 07:41:55,989 - mikrotik_bot - INFO - Pesan /start dari 1216230336
2024-08-24 07:49:38,321 - mikrotik_bot - INFO - Pesan /start dari 1216230336
2024-08-25 07:00:31,352 - mikrotik_bot - INFO - Pesan /start dari 1216230336
2024-08-25 07:11:17,578 - mikrotik_bot - INFO - Pesan /start dari 1216230336
2024-08-25 07:11:27,881 - mikrotik_bot - INFO - Pesan /start dari 1216230336
2024-08-25 07:57:05,694 - mikrotik_bot - INFO - Pesan /start dari 1216230336
2024-08-25 08:16:45,119 - mikrotik_bot - INFO - Pesan /start dari 1216230336
2024-08-25 08:19:01,800 - mikrotik_bot - INFO - Pesan /start dari 6534680339
2024-08-25 08:55:11,635 - mikrotik_bot - INFO - Pesan /start dari 1216230336
2024-08-25 09:06:14,238 - mikrotik_bot - INFO - Pesan /start dari 1216230336
2024-08-25 09:23:16,458 - mikrotik_bot - INFO - Pesan /start dari 1216230336
2024-08-25 09:23:16,850 - mikrotik_bot - INFO - Pesan /start dari 1216230336
2024-08-25 09:39:41,264 - mikrotik_bot - INFO - Pesan /start dari 1216230336
2024-08-25 09:45:33,257 - mikrotik_bot - INFO - Pesan /start dari 1216230336
2024-08-25 09:54:01,253 - acs_bot - INFO - Pesan /start dari 1216230336
2024-08-25 09:56:24,465 - acs_bot - INFO - Pesan /start dari 1216230336
2024-08-25 09:58:25,880 - acs_bot - INFO - Pesan /start dari 1216230336
2024-08-25 10:02:49,903 - acs_bot - INFO - Pesan /start dari 6534680339
2024-08-25 10:03:33,969 - acs_bot - INFO - Pesan /start dari 6534680339
2024-08-25 10:14:25,385 - acs_bot - INFO - Pesan /start dari 1216230336
2024-08-25 10:17:07,369 - acs_bot - INFO - Pesan /start dari 1216230336
2024-08-25 10:18:01,935 - acs_bot - INFO - Pesan /start dari 6534680339
2024-08-25 10:19:32,606 - acs_bot - INFO - Pesan /start dari Nanda - nnydayx Chat_id:1216230336
2024-08-25 10:33:28,315 - acs_bot - INFO - Pesan /start dari Nanda - nnydayx(1216230336)
